<?xml version="1.0" encoding="UTF-8"?>
<!-- Generated by org.testng.reporters.JUnitReportReporter -->
<testsuite hostname="INBook_X1" failures="0" tests="1" name="maventest.logintest" time="180.467" errors="0" timestamp="2022-07-21T11:34:28 IST" skipped="0">
  <testcase classname="maventest.logintest" name="login" time="180.467"/>
  <system-out/>
</testsuite> <!-- maventest.logintest -->
